\BOOKMARK [0][-]{chapter.1}{Introduction}{}% 1
\BOOKMARK [0][-]{chapter.2}{Flux}{}% 2
\BOOKMARK [1][-]{section.2.1}{Introduction}{chapter.2}% 3
\BOOKMARK [2][-]{subsection.2.1.1}{Feasibility and observability}{section.2.1}% 4
\BOOKMARK [1][-]{section.2.2}{Metabolic flux analysis}{chapter.2}% 5
\BOOKMARK [2][-]{subsection.2.2.1}{Flux analysis at metabolic steady-state: MFA}{section.2.2}% 6
\BOOKMARK [2][-]{subsection.2.2.2}{Flux balance analysis}{section.2.2}% 7
\BOOKMARK [2][-]{subsection.2.2.3}{13C-based metabolic flux analysis}{section.2.2}% 8
\BOOKMARK [0][-]{chapter.3}{Noise}{}% 9
\BOOKMARK [1][-]{section.3.1}{Regulation of noise in the expression of a single gene}{chapter.3}% 10
\BOOKMARK [1][-]{section.3.2}{Adaptive response of gene network to environmental changes by fitness-induced attractor selection}{chapter.3}% 11
\BOOKMARK [0][-]{chapter.4}{LTEE}{}% 12
\BOOKMARK [1][-]{section.4.1}{Long-term evolution experiment}{chapter.4}% 13
\BOOKMARK [2][-]{subsection.4.1.1}{Historical contingency and the evolution of a key innovation in an experimental population of E.coli}{section.4.1}% 14
\BOOKMARK [2][-]{subsection.4.1.2}{Genomic analysis of a key innovation in an experimental E. coli population}{section.4.1}% 15
\BOOKMARK [0][-]{chapter.5}{CFPS and MAGE}{}% 16
\BOOKMARK [1][-]{section.5.1}{Cell-free protein synthesis}{chapter.5}% 17
\BOOKMARK [2][-]{subsection.5.1.1}{Cell extract}{section.5.1}% 18
\BOOKMARK [2][-]{subsection.5.1.2}{PURE system}{section.5.1}% 19
\BOOKMARK [1][-]{section.5.2}{Multiplex Automated Genome Engineering}{chapter.5}% 20
\BOOKMARK [2][-]{subsection.5.2.1}{MAGE automation}{section.5.2}% 21
\BOOKMARK [1][-]{section.5.3}{CFPS and MAGE}{chapter.5}% 22
